# JRE version: OpenJDK Runtime Environment Temurin-17.0.10+7 (17.0.10+7) (build 17.0.10+7)
# Java VM: OpenJDK 64-Bit Server VM Temurin-17.0.10+7 (17.0.10+7, mixed mode, tiered, compressed oops, compressed class ptrs, parallel gc, windows-amd64)
GC Precious Log:
 CPUs: 4 total, 4 available
 Memory: 8067M
 Large Page Support: Disabled
 NUMA Support: Disabled
 Compressed Oops: Enabled (32-bit)
 Alignments: Space 512K, Generation 512K, Heap 2M
 Heap Min Capacity: 100M
 Heap Initial Capacity: 100M
 Heap Max Capacity: 1G
 Pre-touch: Disabled
 Parallel Workers: 4
Heap:
 PSYoungGen      total 4608K, used 1265K [0x00000000eab00000, 0x00000000eb080000, 0x0000000100000000)
  eden space 4096K, 21% used [0x00000000eab00000,0x00000000eabd9b50,0x00000000eaf00000)
  from space 512K, 77% used [0x00000000eb000000,0x00000000eb062910,0x00000000eb080000)
  to   space 512K, 0% used [0x00000000eaf00000,0x00000000eaf00000,0x00000000eaf80000)
 ParOldGen       total 141824K, used 122526K [0x00000000c0000000, 0x00000000c8a80000, 0x00000000eab00000)
  object space 141824K, 86% used [0x00000000c0000000,0x00000000c77a7998,0x00000000c8a80000)
 Metaspace       used 102645K, committed 104256K, reserved 1179648K
  class space    used 10518K, committed 11200K, reserved 1048576K
GC Heap History (20 events):
Event: 2373.173 GC heap before
{Heap before GC invocations=4858 (full 123):
 PSYoungGen      total 2048K, used 1502K [0x00000000eab00000, 0x00000000eae00000, 0x0000000100000000)
  eden space 1024K, 99% used [0x00000000eab00000,0x00000000eabffff8,0x00000000eac00000)
  from space 1024K, 46% used [0x00000000ead00000,0x00000000ead77b98,0x00000000eae00000)
  to   space 1024K, 0% used [0x00000000eac00000,0x00000000eac00000,0x00000000ead00000)
 ParOldGen       total 141824K, used 116622K [0x00000000c0000000, 0x00000000c8a80000, 0x00000000eab00000)
  object space 141824K, 82% used [0x00000000c0000000,0x00000000c71e3b20,0x00000000c8a80000)
 Metaspace       used 102638K, committed 104256K, reserved 1179648K
  class space    used 10518K, committed 11200K, reserved 1048576K
}
Event: 2373.175 GC heap after
{Heap after GC invocations=4858 (full 123):
 PSYoungGen      total 2048K, used 968K [0x00000000eab00000, 0x00000000eaf80000, 0x0000000100000000)
  eden space 1024K, 0% used [0x00000000eab00000,0x00000000eab00000,0x00000000eac00000)
  from space 1024K, 94% used [0x00000000eac00000,0x00000000eacf2020,0x00000000ead00000)
  to   space 1536K, 0% used [0x00000000eae00000,0x00000000eae00000,0x00000000eaf80000)
 ParOldGen       total 141824K, used 117059K [0x00000000c0000000, 0x00000000c8a80000, 0x00000000eab00000)
  object space 141824K, 82% used [0x00000000c0000000,0x00000000c7250db8,0x00000000c8a80000)
 Metaspace       used 102638K, committed 104256K, reserved 1179648K
  class space    used 10518K, committed 11200K, reserved 1048576K
}
Event: 2373.177 GC heap before
{Heap before GC invocations=4859 (full 123):
 PSYoungGen      total 2048K, used 1992K [0x00000000eab00000, 0x00000000eaf80000, 0x0000000100000000)
  eden space 1024K, 100% used [0x00000000eab00000,0x00000000eac00000,0x00000000eac00000)
  from space 1024K, 94% used [0x00000000eac00000,0x00000000eacf2020,0x00000000ead00000)
  to   space 1536K, 0% used [0x00000000eae00000,0x00000000eae00000,0x00000000eaf80000)
 ParOldGen       total 141824K, used 117059K [0x00000000c0000000, 0x00000000c8a80000, 0x00000000eab00000)
  object space 141824K, 82% used [0x00000000c0000000,0x00000000c7250db8,0x00000000c8a80000)
 Metaspace       used 102638K, committed 104256K, reserved 1179648K
  class space    used 10518K, committed 11200K, reserved 1048576K
}
Event: 2373.179 GC heap after
{Heap after GC invocations=4859 (full 123):
 PSYoungGen      total 2560K, used 960K [0x00000000eab00000, 0x00000000eaf00000, 0x0000000100000000)
  eden space 1536K, 0% used [0x00000000eab00000,0x00000000eab00000,0x00000000eac80000)
  from space 1024K, 93% used [0x00000000eae00000,0x00000000eaef0310,0x00000000eaf00000)
  to   space 1024K, 0% used [0x00000000ead00000,0x00000000ead00000,0x00000000eae00000)
 ParOldGen       total 141824K, used 117956K [0x00000000c0000000, 0x00000000c8a80000, 0x00000000eab00000)
  object space 141824K, 83% used [0x00000000c0000000,0x00000000c73310e0,0x00000000c8a80000)
 Metaspace       used 102638K, committed 104256K, reserved 1179648K
  class space    used 10518K, committed 11200K, reserved 1048576K
}
Event: 2373.183 GC heap before
{Heap before GC invocations=4860 (full 123):
 PSYoungGen      total 2560K, used 2496K [0x00000000eab00000, 0x00000000eaf00000, 0x0000000100000000)
  eden space 1536K, 99% used [0x00000000eab00000,0x00000000eac7fde8,0x00000000eac80000)
  from space 1024K, 93% used [0x00000000eae00000,0x00000000eaef0310,0x00000000eaf00000)
  to   space 1024K, 0% used [0x00000000ead00000,0x00000000ead00000,0x00000000eae00000)
 ParOldGen       total 141824K, used 117956K [0x00000000c0000000, 0x00000000c8a80000, 0x00000000eab00000)
  object space 141824K, 83% used [0x00000000c0000000,0x00000000c73310e0,0x00000000c8a80000)
 Metaspace       used 102638K, committed 104256K, reserved 1179648K
  class space    used 10518K, committed 11200K, reserved 1048576K
}
Event: 2373.185 GC heap after
{Heap after GC invocations=4860 (full 123):
 PSYoungGen      total 3072K, used 1022K [0x00000000eab00000, 0x00000000eb200000, 0x0000000100000000)
  eden space 2048K, 0% used [0x00000000eab00000,0x00000000eab00000,0x00000000ead00000)
  from space 1024K, 99% used [0x00000000ead00000,0x00000000eadffad8,0x00000000eae00000)
  to   space 2560K, 0% used [0x00000000eaf80000,0x00000000eaf80000,0x00000000eb200000)
 ParOldGen       total 141824K, used 119225K [0x00000000c0000000, 0x00000000c8a80000, 0x00000000eab00000)
  object space 141824K, 84% used [0x00000000c0000000,0x00000000c746e738,0x00000000c8a80000)
 Metaspace       used 102638K, committed 104256K, reserved 1179648K
  class space    used 10518K, committed 11200K, reserved 1048576K
}
Event: 2373.192 GC heap before
{Heap before GC invocations=4861 (full 123):
 PSYoungGen      total 3072K, used 3070K [0x00000000eab00000, 0x00000000eb200000, 0x0000000100000000)
  eden space 2048K, 100% used [0x00000000eab00000,0x00000000ead00000,0x00000000ead00000)
  from space 1024K, 99% used [0x00000000ead00000,0x00000000eadffad8,0x00000000eae00000)
  to   space 2560K, 0% used [0x00000000eaf80000,0x00000000eaf80000,0x00000000eb200000)
 ParOldGen       total 141824K, used 119225K [0x00000000c0000000, 0x00000000c8a80000, 0x00000000eab00000)
  object space 141824K, 84% used [0x00000000c0000000,0x00000000c746e738,0x00000000c8a80000)
 Metaspace       used 102638K, committed 104256K, reserved 1179648K
  class space    used 10518K, committed 11200K, reserved 1048576K
}
Event: 2373.194 GC heap after
{Heap after GC invocations=4861 (full 123):
 PSYoungGen      total 3584K, used 308K [0x00000000eab00000, 0x00000000eb080000, 0x0000000100000000)
  eden space 2560K, 0% used [0x00000000eab00000,0x00000000eab00000,0x00000000ead80000)
  from space 1024K, 30% used [0x00000000eaf80000,0x00000000eafcd200,0x00000000eb080000)
  to   space 1536K, 0% used [0x00000000ead80000,0x00000000ead80000,0x00000000eaf00000)
 ParOldGen       total 141824K, used 119993K [0x00000000c0000000, 0x00000000c8a80000, 0x00000000eab00000)
  object space 141824K, 84% used [0x00000000c0000000,0x00000000c752e738,0x00000000c8a80000)
 Metaspace       used 102638K, committed 104256K, reserved 1179648K
  class space    used 10518K, committed 11200K, reserved 1048576K
}
Event: 2373.200 GC heap before
{Heap before GC invocations=4862 (full 123):
 PSYoungGen      total 3584K, used 2558K [0x00000000eab00000, 0x00000000eb080000, 0x0000000100000000)
  eden space 2560K, 87% used [0x00000000eab00000,0x00000000ead328c8,0x00000000ead80000)
  from space 1024K, 30% used [0x00000000eaf80000,0x00000000eafcd200,0x00000000eb080000)
  to   space 1536K, 0% used [0x00000000ead80000,0x00000000ead80000,0x00000000eaf00000)
 ParOldGen       total 141824K, used 119993K [0x00000000c0000000, 0x00000000c8a80000, 0x00000000eab00000)
  object space 141824K, 84% used [0x00000000c0000000,0x00000000c752e738,0x00000000c8a80000)
 Metaspace       used 102638K, committed 104256K, reserved 1179648K
  class space    used 10518K, committed 11200K, reserved 1048576K
}
Event: 2373.202 GC heap after
{Heap after GC invocations=4862 (full 123):
 PSYoungGen      total 4096K, used 1508K [0x00000000eab00000, 0x00000000eb300000, 0x0000000100000000)
  eden space 2560K, 0% used [0x00000000eab00000,0x00000000eab00000,0x00000000ead80000)
  from space 1536K, 98% used [0x00000000ead80000,0x00000000eaef93a0,0x00000000eaf00000)
  to   space 2560K, 0% used [0x00000000eb080000,0x00000000eb080000,0x00000000eb300000)
 ParOldGen       total 141824K, used 120318K [0x00000000c0000000, 0x00000000c8a80000, 0x00000000eab00000)
  object space 141824K, 84% used [0x00000000c0000000,0x00000000c757f938,0x00000000c8a80000)
 Metaspace       used 102638K, committed 104256K, reserved 1179648K
  class space    used 10518K, committed 11200K, reserved 1048576K
}
Event: 2373.212 GC heap before
{Heap before GC invocations=4863 (full 123):
 PSYoungGen      total 4096K, used 4012K [0x00000000eab00000, 0x00000000eb300000, 0x0000000100000000)
  eden space 2560K, 97% used [0x00000000eab00000,0x00000000ead71f78,0x00000000ead80000)
  from space 1536K, 98% used [0x00000000ead80000,0x00000000eaef93a0,0x00000000eaf00000)
  to   space 2560K, 0% used [0x00000000eb080000,0x00000000eb080000,0x00000000eb300000)
 ParOldGen       total 141824K, used 120318K [0x00000000c0000000, 0x00000000c8a80000, 0x00000000eab00000)
  object space 141824K, 84% used [0x00000000c0000000,0x00000000c757f938,0x00000000c8a80000)
 Metaspace       used 102638K, committed 104256K, reserved 1179648K
  class space    used 10518K, committed 11200K, reserved 1048576K
}
Event: 2373.214 GC heap after
{Heap after GC invocations=4863 (full 123):
 PSYoungGen      total 5632K, used 2024K [0x00000000eab00000, 0x00000000eb300000, 0x0000000100000000)
  eden space 3072K, 0% used [0x00000000eab00000,0x00000000eab00000,0x00000000eae00000)
  from space 2560K, 79% used [0x00000000eb080000,0x00000000eb27a300,0x00000000eb300000)
  to   space 2560K, 0% used [0x00000000eae00000,0x00000000eae00000,0x00000000eb080000)
 ParOldGen       total 141824K, used 121830K [0x00000000c0000000, 0x00000000c8a80000, 0x00000000eab00000)
  object space 141824K, 85% used [0x00000000c0000000,0x00000000c76f9988,0x00000000c8a80000)
 Metaspace       used 102638K, committed 104256K, reserved 1179648K
  class space    used 10518K, committed 11200K, reserved 1048576K
}
Event: 2373.232 GC heap before
{Heap before GC invocations=4864 (full 123):
 PSYoungGen      total 5632K, used 5096K [0x00000000eab00000, 0x00000000eb300000, 0x0000000100000000)
  eden space 3072K, 100% used [0x00000000eab00000,0x00000000eae00000,0x00000000eae00000)
  from space 2560K, 79% used [0x00000000eb080000,0x00000000eb27a300,0x00000000eb300000)
  to   space 2560K, 0% used [0x00000000eae00000,0x00000000eae00000,0x00000000eb080000)
 ParOldGen       total 141824K, used 121830K [0x00000000c0000000, 0x00000000c8a80000, 0x00000000eab00000)
  object space 141824K, 85% used [0x00000000c0000000,0x00000000c76f9988,0x00000000c8a80000)
 Metaspace       used 102638K, committed 104256K, reserved 1179648K
  class space    used 10518K, committed 11200K, reserved 1048576K
}
Event: 2373.234 GC heap after
{Heap after GC invocations=4864 (full 123):
 PSYoungGen      total 5632K, used 608K [0x00000000eab00000, 0x00000000eb200000, 0x0000000100000000)
  eden space 3072K, 0% used [0x00000000eab00000,0x00000000eab00000,0x00000000eae00000)
  from space 2560K, 23% used [0x00000000eae00000,0x00000000eae98000,0x00000000eb080000)
  to   space 1536K, 0% used [0x00000000eb080000,0x00000000eb080000,0x00000000eb200000)
 ParOldGen       total 141824K, used 121942K [0x00000000c0000000, 0x00000000c8a80000, 0x00000000eab00000)
  object space 141824K, 85% used [0x00000000c0000000,0x00000000c7715998,0x00000000c8a80000)
 Metaspace       used 102638K, committed 104256K, reserved 1179648K
  class space    used 10518K, committed 11200K, reserved 1048576K
}
Event: 2373.241 GC heap before
{Heap before GC invocations=4865 (full 123):
 PSYoungGen      total 5632K, used 3680K [0x00000000eab00000, 0x00000000eb200000, 0x0000000100000000)
  eden space 3072K, 100% used [0x00000000eab00000,0x00000000eae00000,0x00000000eae00000)
  from space 2560K, 23% used [0x00000000eae00000,0x00000000eae98000,0x00000000eb080000)
  to   space 1536K, 0% used [0x00000000eb080000,0x00000000eb080000,0x00000000eb200000)
 ParOldGen       total 141824K, used 121942K [0x00000000c0000000, 0x00000000c8a80000, 0x00000000eab00000)
  object space 141824K, 85% used [0x00000000c0000000,0x00000000c7715998,0x00000000c8a80000)
 Metaspace       used 102638K, committed 104256K, reserved 1179648K
  class space    used 10518K, committed 11200K, reserved 1048576K
}
Event: 2373.243 GC heap after
{Heap after GC invocations=4865 (full 123):
 PSYoungGen      total 5632K, used 1274K [0x00000000eab00000, 0x00000000eb200000, 0x0000000100000000)
  eden space 4096K, 0% used [0x00000000eab00000,0x00000000eab00000,0x00000000eaf00000)
  from space 1536K, 82% used [0x00000000eb080000,0x00000000eb1bea30,0x00000000eb200000)
  to   space 1536K, 0% used [0x00000000eaf00000,0x00000000eaf00000,0x00000000eb080000)
 ParOldGen       total 141824K, used 122486K [0x00000000c0000000, 0x00000000c8a80000, 0x00000000eab00000)
  object space 141824K, 86% used [0x00000000c0000000,0x00000000c779d998,0x00000000c8a80000)
 Metaspace       used 102638K, committed 104256K, reserved 1179648K
  class space    used 10518K, committed 11200K, reserved 1048576K
}
Event: 2380.783 GC heap before
{Heap before GC invocations=4866 (full 123):
 PSYoungGen      total 5632K, used 5370K [0x00000000eab00000, 0x00000000eb200000, 0x0000000100000000)
  eden space 4096K, 100% used [0x00000000eab00000,0x00000000eaf00000,0x00000000eaf00000)
  from space 1536K, 82% used [0x00000000eb080000,0x00000000eb1bea30,0x00000000eb200000)
  to   space 1536K, 0% used [0x00000000eaf00000,0x00000000eaf00000,0x00000000eb080000)
 ParOldGen       total 141824K, used 122486K [0x00000000c0000000, 0x00000000c8a80000, 0x00000000eab00000)
  object space 141824K, 86% used [0x00000000c0000000,0x00000000c779d998,0x00000000c8a80000)
 Metaspace       used 102638K, committed 104256K, reserved 1179648K
  class space    used 10518K, committed 11200K, reserved 1048576K
}
Event: 2380.784 GC heap after
{Heap after GC invocations=4866 (full 123):
 PSYoungGen      total 4608K, used 128K [0x00000000eab00000, 0x00000000eb100000, 0x0000000100000000)
  eden space 4096K, 0% used [0x00000000eab00000,0x00000000eab00000,0x00000000eaf00000)
  from space 512K, 25% used [0x00000000eaf00000,0x00000000eaf20000,0x00000000eaf80000)
  to   space 1024K, 0% used [0x00000000eb000000,0x00000000eb000000,0x00000000eb100000)
 ParOldGen       total 141824K, used 122502K [0x00000000c0000000, 0x00000000c8a80000, 0x00000000eab00000)
  object space 141824K, 86% used [0x00000000c0000000,0x00000000c77a1998,0x00000000c8a80000)
 Metaspace       used 102638K, committed 104256K, reserved 1179648K
  class space    used 10518K, committed 11200K, reserved 1048576K
}
Event: 2380.948 GC heap before
{Heap before GC invocations=4867 (full 123):
 PSYoungGen      total 4608K, used 4224K [0x00000000eab00000, 0x00000000eb100000, 0x0000000100000000)
  eden space 4096K, 100% used [0x00000000eab00000,0x00000000eaf00000,0x00000000eaf00000)
  from space 512K, 25% used [0x00000000eaf00000,0x00000000eaf20000,0x00000000eaf80000)
  to   space 1024K, 0% used [0x00000000eb000000,0x00000000eb000000,0x00000000eb100000)
 ParOldGen       total 141824K, used 122502K [0x00000000c0000000, 0x00000000c8a80000, 0x00000000eab00000)
  object space 141824K, 86% used [0x00000000c0000000,0x00000000c77a1998,0x00000000c8a80000)
 Metaspace       used 102645K, committed 104256K, reserved 1179648K
  class space    used 10518K, committed 11200K, reserved 1048576K
}
Event: 2380.950 GC heap after
{Heap after GC invocations=4867 (full 123):
 PSYoungGen      total 4608K, used 394K [0x00000000eab00000, 0x00000000eb080000, 0x0000000100000000)
  eden space 4096K, 0% used [0x00000000eab00000,0x00000000eab00000,0x00000000eaf00000)
  from space 512K, 77% used [0x00000000eb000000,0x00000000eb062910,0x00000000eb080000)
  to   space 512K, 0% used [0x00000000eaf00000,0x00000000eaf00000,0x00000000eaf80000)
 ParOldGen       total 141824K, used 122526K [0x00000000c0000000, 0x00000000c8a80000, 0x00000000eab00000)
  object space 141824K, 86% used [0x00000000c0000000,0x00000000c77a7998,0x00000000c8a80000)
 Metaspace       used 102645K, committed 104256K, reserved 1179648K
  class space    used 10518K, committed 11200K, reserved 1048576K
}

