# JRE version: OpenJDK Runtime Environment Temurin-17.0.10+7 (17.0.10+7) (build 17.0.10+7)
# Java VM: OpenJDK 64-Bit Server VM Temurin-17.0.10+7 (17.0.10+7, mixed mode, emulated-client, tiered, compressed oops, compressed class ptrs, g1 gc, windows-amd64)
GC Precious Log:
 CPUs: 4 total, 4 available
 Memory: 8067M
 Large Page Support: Disabled
 NUMA Support: Disabled
 Compressed Oops: Enabled (32-bit)
 Heap Region Size: 1M
 Heap Min Capacity: 8M
 Heap Initial Capacity: 128M
 Heap Max Capacity: 1G
 Pre-touch: Disabled
 Parallel Workers: 4
 Concurrent Workers: 1
 Concurrent Refinement Workers: 4
 Periodic GC: Disabled
Heap:
 garbage-first heap   total 75776K, used 60705K [0x00000000c0000000, 0x0000000100000000)
  region size 1024K, 43 young (44032K), 4 survivors (4096K)
 Metaspace       used 28018K, committed 28224K, reserved 1114112K
  class space    used 3502K, committed 3584K, reserved 1048576K
GC Heap History (9 events):
Event: 1.472 GC heap before
{Heap before GC invocations=0 (full 0):
 garbage-first heap   total 131072K, used 16384K [0x00000000c0000000, 0x0000000100000000)
  region size 1024K, 13 young (13312K), 0 survivors (0K)
 Metaspace       used 5943K, committed 6144K, reserved 1114112K
  class space    used 581K, committed 704K, reserved 1048576K
}
Event: 1.585 GC heap after
{Heap after GC invocations=1 (full 0):
 garbage-first heap   total 131072K, used 11921K [0x00000000c0000000, 0x0000000100000000)
  region size 1024K, 2 young (2048K), 2 survivors (2048K)
 Metaspace       used 5943K, committed 6144K, reserved 1114112K
  class space    used 581K, committed 704K, reserved 1048576K
}
Event: 2.735 GC heap before
{Heap before GC invocations=1 (full 0):
 garbage-first heap   total 131072K, used 23185K [0x00000000c0000000, 0x0000000100000000)
  region size 1024K, 11 young (11264K), 2 survivors (2048K)
 Metaspace       used 7970K, committed 8192K, reserved 1114112K
  class space    used 871K, committed 960K, reserved 1048576K
}
Event: 2.738 GC heap after
{Heap after GC invocations=2 (full 0):
 garbage-first heap   total 131072K, used 16045K [0x00000000c0000000, 0x0000000100000000)
  region size 1024K, 2 young (2048K), 2 survivors (2048K)
 Metaspace       used 7970K, committed 8192K, reserved 1114112K
  class space    used 871K, committed 960K, reserved 1048576K
}
Event: 4.128 GC heap before
{Heap before GC invocations=2 (full 0):
 garbage-first heap   total 131072K, used 32429K [0x00000000c0000000, 0x0000000100000000)
  region size 1024K, 18 young (18432K), 2 survivors (2048K)
 Metaspace       used 12262K, committed 12480K, reserved 1114112K
  class space    used 1502K, committed 1600K, reserved 1048576K
}
Event: 4.133 GC heap after
{Heap after GC invocations=3 (full 0):
 garbage-first heap   total 131072K, used 17274K [0x00000000c0000000, 0x0000000100000000)
  region size 1024K, 2 young (2048K), 2 survivors (2048K)
 Metaspace       used 12262K, committed 12480K, reserved 1114112K
  class space    used 1502K, committed 1600K, reserved 1048576K
}
Event: 7.017 GC heap before
{Heap before GC invocations=3 (full 0):
 garbage-first heap   total 131072K, used 55162K [0x00000000c0000000, 0x0000000100000000)
  region size 1024K, 41 young (41984K), 2 survivors (2048K)
 Metaspace       used 21262K, committed 21568K, reserved 1114112K
  class space    used 2612K, committed 2752K, reserved 1048576K
}
Event: 7.026 GC heap after
{Heap after GC invocations=4 (full 0):
 garbage-first heap   total 131072K, used 20769K [0x00000000c0000000, 0x0000000100000000)
  region size 1024K, 5 young (5120K), 5 survivors (5120K)
 Metaspace       used 21262K, committed 21568K, reserved 1114112K
  class space    used 2612K, committed 2752K, reserved 1048576K
}
Event: 11.233 GC heap before
{Heap before GC invocations=5 (full 0):
 garbage-first heap   total 75776K, used 59681K [0x00000000c0000000, 0x0000000100000000)
  region size 1024K, 44 young (45056K), 5 survivors (5120K)
 Metaspace       used 28018K, committed 28224K, reserved 1114112K
  class space    used 3502K, committed 3584K, reserved 1048576K
}

